<?xml version="1.0" encoding="utf-8"?>
<coverage line-rate="0.9429000000000001" branch-rate="0.9621999999999999" version="1.9" timestamp="1777336182" lines-covered="3819" lines-valid="4050" branches-covered="842" branches-valid="875">
  <sources>
    <source>C:\Users\Shane.Falik\source\repos\precept-architecture\src\Precept\</source>
  </sources>
  <packages>
    <package name="Precept" line-rate="0.9429000000000001" branch-rate="0.9621999999999999" complexity="1260">
      <classes>
        <class name="Precept.Compiler" filename="Compiler.cs" line-rate="0" branch-rate="0" complexity="10">
          <methods>
            <method name="Compile" signature="(System.String)" line-rate="0" branch-rate="0" complexity="10">
              <lines>
                <line number="11" hits="0" branch="False" />
                <line number="12" hits="0" branch="False" />
                <line number="13" hits="0" branch="False" />
                <line number="14" hits="0" branch="False" />
                <line number="15" hits="0" branch="False" />
                <line number="16" hits="0" branch="False" />
                <line number="18" hits="0" branch="True" condition-coverage="0% (0/10)">
                  <conditions>
                    <condition number="90" type="jump" coverage="0%" />
                    <condition number="137" type="jump" coverage="0%" />
                    <condition number="184" type="jump" coverage="0%" />
                    <condition number="231" type="jump" coverage="0%" />
                    <condition number="279" type="jump" coverage="0%" />
                  </conditions>
                </line>
                <line number="19" hits="0" branch="False" />
                <line number="20" hits="0" branch="False" />
                <line number="21" hits="0" branch="False" />
                <line number="22" hits="0" branch="False" />
                <line number="23" hits="0" branch="False" />
                <line number="24" hits="0" branch="False" />
                <line number="25" hits="0" branch="False" />
                <line number="27" hits="0" branch="False" />
                <line number="28" hits="0" branch="False" />
                <line number="29" hits="0" branch="False" />
                <line number="30" hits="0" branch="False" />
                <line number="31" hits="0" branch="False" />
                <line number="32" hits="0" branch="False" />
                <line number="33" hits="0" branch="False" />
                <line number="34" hits="0" branch="False" />
                <line number="35" hits="0" branch="False" />
                <line number="36" hits="0" branch="False" />
              </lines>
            </method>
          </methods>
          <lines>
            <line number="11" hits="0" branch="False" />
            <line number="12" hits="0" branch="False" />
            <line number="13" hits="0" branch="False" />
            <line number="14" hits="0" branch="False" />
            <line number="15" hits="0" branch="False" />
            <line number="16" hits="0" branch="False" />
            <line number="18" hits="0" branch="True" condition-coverage="0% (0/10)">
              <conditions>
                <condition number="90" type="jump" coverage="0%" />
                <condition number="137" type="jump" coverage="0%" />
                <condition number="184" type="jump" coverage="0%" />
                <condition number="231" type="jump" coverage="0%" />
                <condition number="279" type="jump" coverage="0%" />
              </conditions>
            </line>
            <line number="19" hits="0" branch="False" />
            <line number="20" hits="0" branch="False" />
            <line number="21" hits="0" branch="False" />
            <line number="22" hits="0" branch="False" />
            <line number="23" hits="0" branch="False" />
            <line number="24" hits="0" branch="False" />
            <line number="25" hits="0" branch="False" />
            <line number="27" hits="0" branch="False" />
            <line number="28" hits="0" branch="False" />
            <line number="29" hits="0" branch="False" />
            <line number="30" hits="0" branch="False" />
            <line number="31" hits="0" branch="False" />
            <line number="32" hits="0" branch="False" />
            <line number="33" hits="0" branch="False" />
            <line number="34" hits="0" branch="False" />
            <line number="35" hits="0" branch="False" />
            <line number="36" hits="0" branch="False" />
          </lines>
        </class>
        <class name="Precept.Runtime.FieldDescriptor" filename="Runtime\Descriptors.cs" line-rate="1" branch-rate="1" complexity="8">
          <methods>
            <method name="get_Name" signature="()" line-rate="1" branch-rate="1" complexity="1">
              <lines>
                <line number="11" hits="1" branch="False" />
              </lines>
            </method>
            <method name="get_Type" signature="()" line-rate="1" branch-rate="1" complexity="1">
              <lines>
                <line number="12" hits="1" branch="False" />
              </lines>
            </method>
            <method name="get_SlotIndex" signature="()" line-rate="1" branch-rate="1" complexity="1">
              <lines>
                <line number="13" hits="1" branch="False" />
              </lines>
            </method>
            <method name="get_Modifiers" signature="()" line-rate="1" branch-rate="1" complexity="1">
              <lines>
                <line number="14" hits="1" branch="False" />
              </lines>
            </method>
            <method name="get_DefaultExpression" signature="()" line-rate="1" branch-rate="1" complexity="1">
              <lines>
                <line number="15" hits="2" branch="False" />
              </lines>
            </method>
            <method name="get_IsComputed" signature="()" line-rate="1" branch-rate="1" complexity="1">
              <lines>
                <line number="16" hits="3" branch="False" />
              </lines>
            </method>
            <method name="get_SourceLine" signature="()" line-rate="1" branch-rate="1" complexity="1">
              <lines>
                <line number="17" hits="7" branch="False" />
              </lines>
            </method>
            <method name=".ctor" signature="(System.String,Precept.Language.TypeKind,System.Int32,System.Collections.Generic.IReadOnlyList`1&lt;Precept.Language.ModifierKind&gt;,System.String,System.Boolean,System.Int32)" line-rate="1" branch-rate="1" complexity="1">
              <lines>
                <line number="10" hits="6" branch="False" />
              </lines>
            </method>
          </methods>
          <lines>
            <line number="11" hits="1" branch="False" />
            <line number="12" hits="1" branch="False" />
            <line number="13" hits="1" branch="False" />
            <line number="14" hits="1" branch="False" />
            <line number="15" hits="2" branch="False" />
            <line number="16" hits="3" branch="False" />
            <line number="17" hits="7" branch="False" />
            <line number="10" hits="6" branch="False" />
          </lines>
        </class>
        <class name="Precept.Runtime.StateDescriptor" filename="Runtime\Descriptors.cs" line-rate="1" branch-rate="1" complexity="4">
          <methods>
            <method name="get_Name" signature="()" line-rate="1" branch-rate="1" complexity="1">
              <lines>
                <line number="24" hits="1" branch="False" />
              </lines>
            </method>
            <method name="get_Modifiers" signature="()" line-rate="1" branch-rate="1" complexity="1">
              <lines>
                <line number="25" hits="2" branch="False" />
              </lines>
            </method>
            <method name="get_SourceLine" signature="()" line-rate="1" branch-rate="1" complexity="1">
              <lines>
                <line number="26" hits="5" branch="False" />
              </lines>
            </method>
            <method name=".ctor" signature="(System.String,System.Collections.Generic.IReadOnlyList`1&lt;Precept.Language.ModifierKind&gt;,System.Int32)" line-rate="1" branch-rate="1" complexity="1">
              <lines>
                <line number="23" hits="4" branch="False" />
              </lines>
            </method>
          </methods>
          <lines>
            <line number="24" hits="1" branch="False" />
            <line number="25" hits="2" branch="False" />
            <line number="26" hits="5" branch="False" />
            <line number="23" hits="4" branch="False" />
          </lines>
        </class>
        <class name="Precept.Runtime.ArgDescriptor" filename="Runtime\Descriptors.cs" line-rate="1" branch-rate="1" complexity="6">
          <methods>
            <method name="get_Name" signature="()" line-rate="1" branch-rate="1" complexity="1">
              <lines>
                <line number="33" hits="3" branch="False" />
              </lines>
            </method>
            <method name="get_Type" signature="()" line-rate="1" branch-rate="1" complexity="1">
              <lines>
                <line number="34" hits="1" branch="False" />
              </lines>
            </method>
            <method name="get_IsOptional" signature="()" line-rate="1" branch-rate="1" complexity="1">
              <lines>
                <line number="35" hits="2" branch="False" />
              </lines>
            </method>
            <method name="get_DefaultExpression" signature="()" line-rate="1" branch-rate="1" complexity="1">
              <lines>
                <line number="36" hits="2" branch="False" />
              </lines>
            </method>
            <method name="get_SourceLine" signature="()" line-rate="1" branch-rate="1" complexity="1">
              <lines>
                <line number="37" hits="7" branch="False" />
              </lines>
            </method>
            <method name=".ctor" signature="(System.String,Precept.Language.TypeKind,System.Boolean,System.String,System.Int32)" line-rate="1" branch-rate="1" complexity="1">
              <lines>
                <line number="32" hits="6" branch="False" />
              </lines>
            </method>
          </methods>
          <lines>
            <line number="33" hits="3" branch="False" />
            <line number="34" hits="1" branch="False" />
            <line number="35" hits="2" branch="False" />
            <line number="36" hits="2" branch="False" />
            <line number="37" hits="7" branch="False" />
            <line number="32" hits="6" branch="False" />
          </lines>
        </class>
        <class name="Precept.Runtime.EventDescriptor" filename="Runtime\Descriptors.cs" line-rate="0.8" branch-rate="1" complexity="5">
          <methods>
            <method name="get_Name" signature="()" line-rate="1" branch-rate="1" complexity="1">
              <lines>
                <line number="44" hits="1" branch="False" />
              </lines>
            </method>
            <method name="get_Modifiers" signature="()" line-rate="0" branch-rate="1" complexity="1">
              <lines>
                <line number="45" hits="0" branch="False" />
              </lines>
            </method>
            <method name="get_Args" signature="()" line-rate="1" branch-rate="1" complexity="1">
              <lines>
                <line number="46" hits="4" branch="False" />
              </lines>
            </method>
            <method name="get_SourceLine" signature="()" line-rate="1" branch-rate="1" complexity="1">
              <lines>
                <line number="47" hits="6" branch="False" />
              </lines>
            </method>
            <method name=".ctor" signature="(System.String,System.Collections.Generic.IReadOnlyList`1&lt;Precept.Language.ModifierKind&gt;,System.Collections.Generic.IReadOnlyList`1&lt;Precept.Runtime.ArgDescriptor&gt;,System.Int32)" line-rate="1" branch-rate="1" complexity="1">
              <lines>
                <line number="43" hits="6" branch="False" />
              </lines>
            </method>
          </methods>
          <lines>
            <line number="44" hits="1" branch="False" />
            <line number="45" hits="0" branch="False" />
            <line number="46" hits="4" branch="False" />
            <line number="47" hits="6" branch="False" />
            <line number="43" hits="6" branch="False" />
          </lines>
        </class>
        <class name="Precept.Runtime.FaultSiteDescriptor" filename="Runtime\Descriptors.cs" line-rate="1" branch-rate="1" complexity="4">
          <methods>
            <method name="get_FaultCode" signature="()" line-rate="1" branch-rate="1" complexity="1">
              <lines>
                <line number="61" hits="1" branch="False" />
              </lines>
            </method>
            <method name="get_PreventedBy" signature="()" line-rate="1" branch-rate="1" complexity="1">
              <lines>
                <line number="62" hits="14" branch="False" />
              </lines>
            </method>
            <method name="get_SourceLine" signature="()" line-rate="1" branch-rate="1" complexity="1">
              <lines>
                <line number="63" hits="19" branch="False" />
              </lines>
            </method>
            <method name=".ctor" signature="(Precept.Language.FaultCode,Precept.Language.DiagnosticCode,System.Int32)" line-rate="1" branch-rate="1" complexity="1">
              <lines>
                <line number="60" hits="18" branch="False" />
              </lines>
            </method>
          </methods>
          <lines>
            <line number="61" hits="1" branch="False" />
            <line number="62" hits="14" branch="False" />
            <line number="63" hits="19" branch="False" />
            <line number="60" hits="18" branch="False" />
          </lines>
        </class>
        <class name="Precept.Runtime.Evaluator" filename="Runtime\Evaluator.cs" line-rate="0" branch-rate="1" complexity="6">
          <methods>
            <method name="Fire" signature="(Precept.Runtime.Precept,Precept.Runtime.Version,System.String,System.Collections.Generic.IReadOnlyDictionary`2&lt;System.String,System.Object&gt;)" line-rate="0" branch-rate="1" complexity="1">
              <lines>
                <line number="32" hits="0" branch="False" />
              </lines>
            </method>
            <method name="Update" signature="(Precept.Runtime.Precept,Precept.Runtime.Version,System.Collections.Generic.IReadOnlyDictionary`2&lt;System.String,System.Object&gt;)" line-rate="0" branch-rate="1" complexity="1">
              <lines>
                <line number="35" hits="0" branch="False" />
              </lines>
            </method>
            <method name="InspectFire" signature="(Precept.Runtime.Precept,Precept.Runtime.Version,System.String,System.Collections.Generic.IReadOnlyDictionary`2&lt;System.String,System.Object&gt;)" line-rate="0" branch-rate="1" complexity="1">
              <lines>
                <line number="40" hits="0" branch="False" />
              </lines>
            </method>
            <method name="InspectUpdate" signature="(Precept.Runtime.Precept,Precept.Runtime.Version,System.Collections.Generic.IReadOnlyDictionary`2&lt;System.String,System.Object&gt;)" line-rate="0" branch-rate="1" complexity="1">
              <lines>
                <line number="43" hits="0" branch="False" />
              </lines>
            </method>
            <method name="Restore" signature="(Precept.Runtime.Precept,System.String,System.Collections.Generic.IReadOnlyDictionary`2&lt;System.String,System.Object&gt;)" line-rate="0" branch-rate="1" complexity="1">
              <lines>
                <line number="48" hits="0" branch="False" />
              </lines>
            </method>
            <method name="Fail" signature="(Precept.Language.FaultCode,System.Object[])" line-rate="0" branch-rate="1" complexity="1">
              <lines>
                <line number="53" hits="0" branch="False" />
              </lines>
            </method>
          </methods>
          <lines>
            <line number="32" hits="0" branch="False" />
            <line number="35" hits="0" branch="False" />
            <line number="40" hits="0" branch="False" />
            <line number="43" hits="0" branch="False" />
            <line number="48" hits="0" branch="False" />
            <line number="53" hits="0" branch="False" />
          </lines>
        </class>
        <class name="Precept.Runtime.Transitioned" filename="Runtime\EventOutcome.cs" line-rate="0" branch-rate="1" complexity="1">
          <methods>
            <method name="get_Result" signature="()" line-rate="0" branch-rate="1" complexity="1">
              <lines>
                <line number="12" hits="0" branch="False" />
              </lines>
            </method>
          </methods>
          <lines>
            <line number="12" hits="0" branch="False" />
          </lines>
        </class>
        <class name="Precept.Runtime.Applied" filename="Runtime\EventOutcome.cs" line-rate="0" branch-rate="1" complexity="1">
          <methods>
            <method name="get_Result" signature="()" line-rate="0" branch-rate="1" complexity="1">
              <lines>
                <line number="15" hits="0" branch="False" />
              </lines>
            </method>
          </methods>
          <lines>
            <line number="15" hits="0" branch="False" />
          </lines>
        </class>
        <class name="Precept.Runtime.Rejected" filename="Runtime\EventOutcome.cs" line-rate="0" branch-rate="1" complexity="1">
          <methods>
            <method name="get_Reason" signature="()" line-rate="0" branch-rate="1" complexity="1">
              <lines>
                <line number="18" hits="0" branch="False" />
              </lines>
            </method>
          </methods>
          <lines>
            <line number="18" hits="0" branch="False" />
          </lines>
        </class>
        <class name="Precept.Runtime.InvalidArgs" filename="Runtime\EventOutcome.cs" line-rate="0" branch-rate="1" complexity="1">
          <methods>
            <method name="get_Reason" signature="()" line-rate="0" branch-rate="1" complexity="1">
              <lines>
                <line number="21" hits="0" branch="False" />
              </lines>
            </method>
          </methods>
          <lines>
            <line number="21" hits="0" branch="False" />
          </lines>
        </class>
        <class name="Precept.Runtime.EventConstraintsFailed" filename="Runtime\EventOutcome.cs" line-rate="0" branch-rate="1" complexity="1">
          <methods>
            <method name="get_Violations" signature="()" line-rate="0" branch-rate="1" complexity="1">
              <lines>
                <line number="28" hits="0" branch="False" />
              </lines>
            </method>
          </methods>
          <lines>
            <line number="28" hits="0" branch="False" />
          </lines>
        </class>
        <class name="Precept.Runtime.Unmatched" filename="Runtime\EventOutcome.cs" line-rate="0" branch-rate="1" complexity="1">
          <methods>
            <method name=".ctor" signature="()" line-rate="0" branch-rate="1" complexity="1">
              <lines>
                <line number="31" hits="0" branch="False" />
              </lines>
            </method>
          </methods>
          <lines>
            <line number="31" hits="0" branch="False" />
          </lines>
        </class>
        <class name="Precept.Runtime.UndefinedEvent" filename="Runtime\EventOutcome.cs" line-rate="0" branch-rate="1" complexity="1">
          <methods>
            <method name=".ctor" signature="()" line-rate="0" branch-rate="1" complexity="1">
              <lines>
                <line number="34" hits="0" branch="False" />
              </lines>
            </method>
          </methods>
          <lines>
            <line number="34" hits="0" branch="False" />
          </lines>
        </class>
        <class name="Precept.Runtime.EventInspection" filename="Runtime\Inspection.cs" line-rate="0" branch-rate="1" complexity="5">
          <methods>
            <method name="get_EventName" signature="()" line-rate="0" branch-rate="1" complexity="1">
              <lines>
                <line number="16" hits="0" branch="False" />
              </lines>
            </method>
            <method name="get_OverallProspect" signature="()" line-rate="0" branch-rate="1" complexity="1">
              <lines>
                <line number="17" hits="0" branch="False" />
              </lines>
            </method>
            <method name="get_EventEnsures" signature="()" line-rate="0" branch-rate="1" complexity="1">
              <lines>
                <line number="18" hits="0" branch="False" />
              </lines>
            </method>
            <method name="get_Rows" signature="()" line-rate="0" branch-rate="1" complexity="1">
              <lines>
                <line number="19" hits="0" branch="False" />
              </lines>
            </method>
            <method name=".ctor" signature="(System.String,Precept.Runtime.Prospect,System.Collections.Generic.IReadOnlyList`1&lt;Precept.Runtime.ConstraintResult&gt;,System.Collections.Generic.IReadOnlyList`1&lt;Precept.Runtime.RowInspection&gt;)" line-rate="0" branch-rate="1" complexity="1">
              <lines>
                <line number="15" hits="0" branch="False" />
              </lines>
            </method>
          </methods>
          <lines>
            <line number="16" hits="0" branch="False" />
            <line number="17" hits="0" branch="False" />
            <line number="18" hits="0" branch="False" />
            <line number="19" hits="0" branch="False" />
            <line number="15" hits="0" branch="False" />
          </lines>
        </class>
        <class name="Precept.Runtime.UpdateInspection" filename="Runtime\Inspection.cs" line-rate="0" branch-rate="1" complexity="5">
          <methods>
            <method name="get_Fields" signature="()" line-rate="0" branch-rate="1" complexity="1">
              <lines>
                <line number="27" hits="0" branch="False" />
              </lines>
            </method>
            <method name="get_Constraints" signature="()" line-rate="0" branch-rate="1" complexity="1">
              <lines>
                <line number="28" hits="0" branch="False" />
              </lines>
            </method>
            <method name="get_Events" signature="()" line-rate="0" branch-rate="1" complexity="1">
              <lines>
                <line number="29" hits="0" branch="False" />
              </lines>
            </method>
            <method name="get_HypotheticalResult" signature="()" line-rate="0" branch-rate="1" complexity="1">
              <lines>
                <line number="30" hits="0" branch="False" />
              </lines>
            </method>
            <method name=".ctor" signature="(System.Collections.Generic.IReadOnlyList`1&lt;Precept.Runtime.FieldSnapshot&gt;,System.Collections.Generic.IReadOnlyList`1&lt;Precept.Runtime.ConstraintResult&gt;,System.Collections.Generic.IReadOnlyList`1&lt;Precept.Runtime.EventInspection&gt;,Precept.Runtime.Version)" line-rate="0" branch-rate="1" complexity="1">
              <lines>
                <line number="26" hits="0" branch="False" />
              </lines>
            </method>
          </methods>
          <lines>
            <line number="27" hits="0" branch="False" />
            <line number="28" hits="0" branch="False" />
            <line number="29" hits="0" branch="False" />
            <line number="30" hits="0" branch="False" />
            <line number="26" hits="0" branch="False" />
          </lines>
        </class>
        <class name="Precept.Runtime.RowInspection" filename="Runtime\Inspection.cs" line-rate="0" branch-rate="1" complexity="6">
          <methods>
            <method name="get_Prospect" signature="()" line-rate="0" branch-rate="1" complexity="1">
              <lines>
                <line number="37" hits="0" branch="False" />
              </lines>
            </method>
            <method name="get_Effect" signature="()" line-rate="0" branch-rate="1" complexity="1">
              <lines>
                <line number="38" hits="0" branch="False" />
              </lines>
            </method>
            <method name="get_ResultingFields" signature="()" line-rate="0" branch-rate="1" complexity="1">
              <lines>
                <line number="39" hits="0" branch="False" />
              </lines>
            </method>
            <method name="get_Constraints" signature="()" line-rate="0" branch-rate="1" complexity="1">
              <lines>
                <line number="40" hits="0" branch="False" />
              </lines>
            </method>
            <method name="get_HypotheticalResult" signature="()" line-rate="0" branch-rate="1" complexity="1">
              <lines>
                <line number="41" hits="0" branch="False" />
              </lines>
            </method>
            <method name=".ctor" signature="(Precept.Runtime.Prospect,Precept.Runtime.RowEffect,System.Collections.Generic.IReadOnlyList`1&lt;Precept.Runtime.FieldSnapshot&gt;,System.Collections.Generic.IReadOnlyList`1&lt;Precept.Runtime.ConstraintResult&gt;,Precept.Runtime.Version)" line-rate="0" branch-rate="1" complexity="1">
              <lines>
                <line number="36" hits="0" branch="False" />
              </lines>
            </method>
          </methods>
          <lines>
            <line number="37" hits="0" branch="False" />
            <line number="38" hits="0" branch="False" />
            <line number="39" hits="0" branch="False" />
            <line number="40" hits="0" branch="False" />
            <line number="41" hits="0" branch="False" />
            <line number="36" hits="0" branch="False" />
          </lines>
        </class>
        <class name="Precept.Runtime.TransitionTo" filename="Runtime\Inspection.cs" line-rate="0" branch-rate="1" complexity="1">
          <methods>
            <method name="get_TargetState" signature="()" line-rate="0" branch-rate="1" complexity="1">
              <lines>
                <line number="46" hits="0" branch="False" />
              </lines>
            </method>
          </methods>
          <lines>
            <line number="46" hits="0" branch="False" />
          </lines>
        </class>
        <class name="Precept.Runtime.NoTransition" filename="Runtime\Inspection.cs" line-rate="0" branch-rate="1" complexity="1">
          <methods>
            <method name=".ctor" signature="()" line-rate="0" branch-rate="1" complexity="1">
              <lines>
                <line number="47" hits="0" branch="False" />
              </lines>
            </method>
          </methods>
          <lines>
            <line number="47" hits="0" branch="False" />
          </lines>
        </class>
        <class name="Precept.Runtime.Rejection" filename="Runtime\Inspection.cs" line-rate="0" branch-rate="1" complexity="1">
          <methods>
            <method name="get_Reason" signature="()" line-rate="0" branch-rate="1" complexity="1">
              <lines>
                <line number="48" hits="0" branch="False" />
              </lines>
            </method>
          </methods>
          <lines>
            <line number="48" hits="0" branch="False" />
          </lines>
        </class>
        <class name="Precept.Runtime.FieldSnapshot" filename="Runtime\Inspection.cs" line-rate="0" branch-rate="1" complexity="6">
          <methods>
            <method name="get_FieldName" signature="()" line-rate="0" branch-rate="1" complexity="1">
              <lines>
                <line number="62" hits="0" branch="False" />
              </lines>
            </method>
            <method name="get_Mode" signature="()" line-rate="0" branch-rate="1" complexity="1">
              <lines>
                <line number="63" hits="0" branch="False" />
              </lines>
            </method>
            <method name="get_FieldType" signature="()" line-rate="0" branch-rate="1" complexity="1">
              <lines>
                <line number="64" hits="0" branch="False" />
              </lines>
            </method>
            <method name="get_IsResolved" signature="()" line-rate="0" branch-rate="1" complexity="1">
              <lines>
                <line number="65" hits="0" branch="False" />
              </lines>
            </method>
            <method name="get_Value" signature="()" line-rate="0" branch-rate="1" complexity="1">
              <lines>
                <line number="66" hits="0" branch="False" />
              </lines>
            </method>
            <method name=".ctor" signature="(System.String,Precept.Runtime.FieldAccessMode,System.String,System.Boolean,System.Object)" line-rate="0" branch-rate="1" complexity="1">
              <lines>
                <line number="61" hits="0" branch="False" />
              </lines>
            </method>
          </methods>
          <lines>
            <line number="62" hits="0" branch="False" />
            <line number="63" hits="0" branch="False" />
            <line number="64" hits="0" branch="False" />
            <line number="65" hits="0" branch="False" />
            <line number="66" hits="0" branch="False" />
            <line number="61" hits="0" branch="False" />
          </lines>
        </class>
        <class name="Precept.Runtime.ConstraintResult" filename="Runtime\Inspection.cs" line-rate="0" branch-rate="1" complexity="4">
          <methods>
            <method name="get_Constraint" signature="()" line-rate="0" branch-rate="1" complexity="1">
              <lines>
                <line number="78" hits="0" branch="False" />
              </lines>
            </method>
            <method name="get_FieldNames" signature="()" line-rate="0" branch-rate="1" complexity="1">
              <lines>
                <line number="79" hits="0" branch="False" />
              </lines>
            </method>
            <method name="get_Status" signature="()" line-rate="0" branch-rate="1" complexity="1">
              <lines>
                <line number="80" hits="0" branch="False" />
              </lines>
            </method>
            <method name=".ctor" signature="(Precept.Runtime.ConstraintDescriptor,System.Collections.Generic.IReadOnlyList`1&lt;System.String&gt;,Precept.Runtime.ConstraintStatus)" line-rate="0" branch-rate="1" complexity="1">
              <lines>
                <line number="77" hits="0" branch="False" />
              </lines>
            </method>
          </methods>
          <lines>
            <line number="78" hits="0" branch="False" />
            <line number="79" hits="0" branch="False" />
            <line number="80" hits="0" branch="False" />
            <line number="77" hits="0" branch="False" />
          </lines>
        </class>
        <class name="Precept.Runtime.Precept" filename="Runtime\Precept.cs" line-rate="0" branch-rate="0" complexity="13">
          <methods>
            <method name="From" signature="(Precept.Pipeline.Compilation)" line-rate="0" branch-rate="0" complexity="2">
              <lines>
                <line number="25" hits="0" branch="False" />
                <line number="26" hits="0" branch="True" condition-coverage="0% (0/2)">
                  <conditions>
                    <condition number="9" type="jump" coverage="0%" />
                  </conditions>
                </line>
                <line number="27" hits="0" branch="False" />
                <line number="29" hits="0" branch="False" />
              </lines>
            </method>
            <method name="Create" signature="(System.Collections.Generic.IReadOnlyDictionary`2&lt;System.String,System.Object&gt;)" line-rate="0" branch-rate="1" complexity="1">
              <lines>
                <line number="47" hits="0" branch="False" />
              </lines>
            </method>
            <method name="InspectCreate" signature="(System.Collections.Generic.IReadOnlyDictionary`2&lt;System.String,System.Object&gt;)" line-rate="0" branch-rate="1" complexity="1">
              <lines>
                <line number="55" hits="0" branch="False" />
              </lines>
            </method>
            <method name="Restore" signature="(System.String,System.Collections.Generic.IReadOnlyDictionary`2&lt;System.String,System.Object&gt;)" line-rate="0" branch-rate="1" complexity="1">
              <lines>
                <line number="69" hits="0" branch="False" />
              </lines>
            </method>
            <method name="get_States" signature="()" line-rate="0" branch-rate="1" complexity="1">
              <lines>
                <line number="74" hits="0" branch="False" />
              </lines>
            </method>
            <method name="get_Fields" signature="()" line-rate="0" branch-rate="1" complexity="1">
              <lines>
                <line number="77" hits="0" branch="False" />
              </lines>
            </method>
            <method name="get_Events" signature="()" line-rate="0" branch-rate="1" complexity="1">
              <lines>
                <line number="80" hits="0" branch="False" />
              </lines>
            </method>
            <method name="get_InitialState" signature="()" line-rate="0" branch-rate="1" complexity="1">
              <lines>
                <line number="84" hits="0" branch="False" />
              </lines>
            </method>
            <method name="get_InitialEvent" signature="()" line-rate="0" branch-rate="1" complexity="1">
              <lines>
                <line number="91" hits="0" branch="False" />
              </lines>
            </method>
            <method name="get_IsStateless" signature="()" line-rate="0" branch-rate="1" complexity="1">
              <lines>
                <line number="94" hits="0" branch="False" />
              </lines>
            </method>
            <method name="get_Constraints" signature="()" line-rate="0" branch-rate="1" complexity="1">
              <lines>
                <line number="101" hits="0" branch="False" />
              </lines>
            </method>
            <method name=".ctor" signature="()" line-rate="0" branch-rate="1" complexity="1">
              <lines>
                <line number="20" hits="0" branch="False" />
              </lines>
            </method>
          </methods>
          <lines>
            <line number="25" hits="0" branch="False" />
            <line number="26" hits="0" branch="True" condition-coverage="0% (0/2)">
              <conditions>
                <condition number="9" type="jump" coverage="0%" />
              </conditions>
            </line>
            <line number="27" hits="0" branch="False" />
            <line number="29" hits="0" branch="False" />
            <line number="47" hits="0" branch="False" />
            <line number="55" hits="0" branch="False" />
            <line number="69" hits="0" branch="False" />
            <line number="74" hits="0" branch="False" />
            <line number="77" hits="0" branch="False" />
            <line number="80" hits="0" branch="False" />
            <line number="84" hits="0" branch="False" />
            <line number="91" hits="0" branch="False" />
            <line number="94" hits="0" branch="False" />
            <line number="101" hits="0" branch="False" />
            <line number="20" hits="0" branch="False" />
          </lines>
        </class>
        <class name="Precept.Runtime.Restored" filename="Runtime\RestoreOutcome.cs" line-rate="0" branch-rate="1" complexity="1">
          <methods>
            <method name="get_Result" signature="()" line-rate="0" branch-rate="1" complexity="1">
              <lines>
                <line number="12" hits="0" branch="False" />
              </lines>
            </method>
          </methods>
          <lines>
            <line number="12" hits="0" branch="False" />
          </lines>
        </class>
        <class name="Precept.Runtime.RestoreConstraintsFailed" filename="Runtime\RestoreOutcome.cs" line-rate="0" branch-rate="1" complexity="1">
          <methods>
            <method name="get_Violations" signature="()" line-rate="0" branch-rate="1" complexity="1">
              <lines>
                <line number="18" hits="0" branch="False" />
              </lines>
            </method>
          </methods>
          <lines>
            <line number="18" hits="0" branch="False" />
          </lines>
        </class>
        <class name="Precept.Runtime.RestoreInvalidInput" filename="Runtime\RestoreOutcome.cs" line-rate="0" branch-rate="1" complexity="1">
          <methods>
            <method name="get_Reason" signature="()" line-rate="0" branch-rate="1" complexity="1">
              <lines>
                <line number="24" hits="0" branch="False" />
              </lines>
            </method>
          </methods>
          <lines>
            <line number="24" hits="0" branch="False" />
          </lines>
        </class>
        <class name="Precept.Runtime.FieldAccessInfo" filename="Runtime\SharedTypes.cs" line-rate="0" branch-rate="1" complexity="4">
          <methods>
            <method name="get_Field" signature="()" line-rate="0" branch-rate="1" complexity="1">
              <lines>
                <line number="13" hits="0" branch="False" />
              </lines>
            </method>
            <method name="get_Mode" signature="()" line-rate="0" branch-rate="1" complexity="1">
              <lines>
                <line number="14" hits="0" branch="False" />
              </lines>
            </method>
            <method name="get_CurrentValue" signature="()" line-rate="0" branch-rate="1" complexity="1">
              <lines>
                <line number="15" hits="0" branch="False" />
              </lines>
            </method>
            <method name=".ctor" signature="(Precept.Runtime.FieldDescriptor,Precept.Runtime.FieldAccessMode,System.Object)" line-rate="0" branch-rate="1" complexity="1">
              <lines>
                <line number="12" hits="0" branch="False" />
              </lines>
            </method>
          </methods>
          <lines>
            <line number="13" hits="0" branch="False" />
            <line number="14" hits="0" branch="False" />
            <line number="15" hits="0" branch="False" />
            <line number="12" hits="0" branch="False" />
          </lines>
        </class>
        <class name="Precept.Runtime.ConstraintDescriptor" filename="Runtime\SharedTypes.cs" line-rate="0" branch-rate="1" complexity="8">
          <methods>
            <method name="get_Kind" signature="()" line-rate="0" branch-rate="1" complexity="1">
              <lines>
                <line number="43" hits="0" branch="False" />
              </lines>
            </method>
            <method name="get_ScopeTarget" signature="()" line-rate="0" branch-rate="1" complexity="1">
              <lines>
                <line number="44" hits="0" branch="False" />
              </lines>
            </method>
            <method name="get_ExpressionText" signature="()" line-rate="0" branch-rate="1" complexity="1">
              <lines>
                <line number="45" hits="0" branch="False" />
              </lines>
            </method>
            <method name="get_Because" signature="()" line-rate="0" branch-rate="1" complexity="1">
              <lines>
                <line number="46" hits="0" branch="False" />
              </lines>
            </method>
            <method name="get_ReferencedFields" signature="()" line-rate="0" branch-rate="1" complexity="1">
              <lines>
                <line number="47" hits="0" branch="False" />
              </lines>
            </method>
            <method name="get_HasGuard" signature="()" line-rate="0" branch-rate="1" complexity="1">
              <lines>
                <line number="48" hits="0" branch="False" />
              </lines>
            </method>
            <method name="get_SourceLine" signature="()" line-rate="0" branch-rate="1" complexity="1">
              <lines>
                <line number="49" hits="0" branch="False" />
              </lines>
            </method>
            <method name=".ctor" signature="(Precept.Language.ConstraintKind,System.String,System.String,System.String,System.Collections.Generic.IReadOnlyList`1&lt;System.String&gt;,System.Boolean,System.Int32)" line-rate="0" branch-rate="1" complexity="1">
              <lines>
                <line number="42" hits="0" branch="False" />
              </lines>
            </method>
          </methods>
          <lines>
            <line number="43" hits="0" branch="False" />
            <line number="44" hits="0" branch="False" />
            <line number="45" hits="0" branch="False" />
            <line number="46" hits="0" branch="False" />
            <line number="47" hits="0" branch="False" />
            <line number="48" hits="0" branch="False" />
            <line number="49" hits="0" branch="False" />
            <line number="42" hits="0" branch="False" />
          </lines>
        </class>
        <class name="Precept.Runtime.ConstraintViolation" filename="Runtime\SharedTypes.cs" line-rate="0" branch-rate="1" complexity="3">
          <methods>
            <method name="get_Constraint" signature="()" line-rate="0" branch-rate="1" complexity="1">
              <lines>
                <line number="62" hits="0" branch="False" />
              </lines>
            </method>
            <method name="get_FieldNames" signature="()" line-rate="0" branch-rate="1" complexity="1">
              <lines>
                <line number="63" hits="0" branch="False" />
              </lines>
            </method>
            <method name=".ctor" signature="(Precept.Runtime.ConstraintDescriptor,System.Collections.Generic.IReadOnlyList`1&lt;System.String&gt;)" line-rate="0" branch-rate="1" complexity="1">
              <lines>
                <line number="61" hits="0" branch="False" />
              </lines>
            </method>
          </methods>
          <lines>
            <line number="62" hits="0" branch="False" />
            <line number="63" hits="0" branch="False" />
            <line number="61" hits="0" branch="False" />
          </lines>
        </class>
        <class name="Precept.Runtime.FieldWriteCommitted" filename="Runtime\UpdateOutcome.cs" line-rate="0" branch-rate="1" complexity="1">
          <methods>
            <method name="get_Result" signature="()" line-rate="0" branch-rate="1" complexity="1">
              <lines>
                <line number="12" hits="0" branch="False" />
              </lines>
            </method>
          </methods>
          <lines>
            <line number="12" hits="0" branch="False" />
          </lines>
        </class>
        <class name="Precept.Runtime.UpdateConstraintsFailed" filename="Runtime\UpdateOutcome.cs" line-rate="0" branch-rate="1" complexity="1">
          <methods>
            <method name="get_Violations" signature="()" line-rate="0" branch-rate="1" complexity="1">
              <lines>
                <line number="15" hits="0" branch="False" />
              </lines>
            </method>
          </methods>
          <lines>
            <line number="15" hits="0" branch="False" />
          </lines>
        </class>
        <class name="Precept.Runtime.AccessDenied" filename="Runtime\UpdateOutcome.cs" line-rate="0" branch-rate="1" complexity="1">
          <methods>
            <method name="get_FieldName" signature="()" line-rate="0" branch-rate="1" complexity="1">
              <lines>
                <line number="18" hits="0" branch="False" />
              </lines>
            </method>
          </methods>
          <lines>
            <line number="18" hits="0" branch="False" />
          </lines>
        </class>
        <class name="Precept.Runtime.InvalidInput" filename="Runtime\UpdateOutcome.cs" line-rate="0" branch-rate="1" complexity="1">
          <methods>
            <method name="get_Reason" signature="()" line-rate="0" branch-rate="1" complexity="1">
              <lines>
                <line number="21" hits="0" branch="False" />
              </lines>
            </method>
          </methods>
          <lines>
            <line number="21" hits="0" branch="False" />
          </lines>
        </class>
        <class name="Precept.Runtime.Version" filename="Runtime\Version.cs" line-rate="0" branch-rate="1" complexity="12">
          <methods>
            <method name="get_Precept" signature="()" line-rate="0" branch-rate="1" complexity="1">
              <lines>
                <line number="24" hits="0" branch="False" />
              </lines>
            </method>
            <method name="get_State" signature="()" line-rate="0" branch-rate="1" complexity="1">
              <lines>
                <line number="25" hits="0" branch="False" />
              </lines>
            </method>
            <method name="get_Item" signature="(System.String)" line-rate="0" branch-rate="1" complexity="1">
              <lines>
                <line number="30" hits="0" branch="False" />
              </lines>
            </method>
            <method name="get_FieldAccess" signature="()" line-rate="0" branch-rate="1" complexity="1">
              <lines>
                <line number="33" hits="0" branch="False" />
              </lines>
            </method>
            <method name="get_AvailableEvents" signature="()" line-rate="0" branch-rate="1" complexity="1">
              <lines>
                <line number="38" hits="0" branch="False" />
              </lines>
            </method>
            <method name="RequiredArgs" signature="(Precept.Runtime.EventDescriptor)" line-rate="0" branch-rate="1" complexity="1">
              <lines>
                <line number="41" hits="0" branch="False" />
              </lines>
            </method>
            <method name="get_ApplicableConstraints" signature="()" line-rate="0" branch-rate="1" complexity="1">
              <lines>
                <line number="52" hits="0" branch="False" />
              </lines>
            </method>
            <method name="Fire" signature="(System.String,System.Collections.Generic.IReadOnlyDictionary`2&lt;System.String,System.Object&gt;)" line-rate="0" branch-rate="1" complexity="1">
              <lines>
                <line number="60" hits="0" branch="False" />
              </lines>
            </method>
            <method name="Update" signature="(System.Collections.Generic.IReadOnlyDictionary`2&lt;System.String,System.Object&gt;)" line-rate="0" branch-rate="1" complexity="1">
              <lines>
                <line number="63" hits="0" branch="False" />
              </lines>
            </method>
            <method name="InspectFire" signature="(System.String,System.Collections.Generic.IReadOnlyDictionary`2&lt;System.String,System.Object&gt;)" line-rate="0" branch-rate="1" complexity="1">
              <lines>
                <line number="68" hits="0" branch="False" />
              </lines>
            </method>
            <method name="InspectUpdate" signature="(System.Collections.Generic.IReadOnlyDictionary`2&lt;System.String,System.Object&gt;)" line-rate="0" branch-rate="1" complexity="1">
              <lines>
                <line number="71" hits="0" branch="False" />
              </lines>
            </method>
            <method name=".ctor" signature="(Precept.Runtime.Precept,System.String)" line-rate="0" branch-rate="1" complexity="1">
              <lines>
                <line number="16" hits="0" branch="False" />
                <line number="17" hits="0" branch="False" />
                <line number="18" hits="0" branch="False" />
                <line number="19" hits="0" branch="False" />
                <line number="20" hits="0" branch="False" />
              </lines>
            </method>
          </methods>
          <lines>
            <line number="24" hits="0" branch="False" />
            <line number="25" hits="0" branch="False" />
            <line number="30" hits="0" branch="False" />
            <line number="33" hits="0" branch="False" />
            <line number="38" hits="0" branch="False" />
            <line number="41" hits="0" branch="False" />
            <line number="52" hits="0" branch="False" />
            <line number="60" hits="0" branch="False" />
            <line number="63" hits="0" branch="False" />
            <line number="68" hits="0" branch="False" />
            <line number="71" hits="0" branch="False" />
            <line number="16" hits="0" branch="False" />
            <line number="17" hits="0" branch="False" />
            <line number="18" hits="0" branch="False" />
            <line number="19" hits="0" branch="False" />
            <line number="20" hits="0" branch="False" />
          </lines>
        </class>
        <class name="Precept.Pipeline.Compilation" filename="Pipeline\Compilation.cs" line-rate="0" branch-rate="1" complexity="8">
          <methods>
            <method name="get_Tokens" signature="()" line-rate="0" branch-rate="1" complexity="1">
              <lines>
                <line number="7" hits="0" branch="False" />
              </lines>
            </method>
            <method name="get_SyntaxTree" signature="()" line-rate="0" branch-rate="1" complexity="1">
              <lines>
                <line number="8" hits="0" branch="False" />
              </lines>
            </method>
            <method name="get_Semantics" signature="()" line-rate="0" branch-rate="1" complexity="1">
              <lines>
                <line number="9" hits="0" branch="False" />
              </lines>
            </method>
            <method name="get_Graph" signature="()" line-rate="0" branch-rate="1" complexity="1">
              <lines>
                <line number="10" hits="0" branch="False" />
              </lines>
            </method>
            <method name="get_Proof" signature="()" line-rate="0" branch-rate="1" complexity="1">
              <lines>
                <line number="11" hits="0" branch="False" />
              </lines>
            </method>
            <method name="get_Diagnostics" signature="()" line-rate="0" branch-rate="1" complexity="1">
              <lines>
                <line number="12" hits="0" branch="False" />
              </lines>
            </method>
            <method name="get_HasErrors" signature="()" line-rate="0" branch-rate="1" complexity="1">
              <lines>
                <line number="13" hits="0" branch="False" />
              </lines>
            </method>
            <method name=".ctor" signature="(Precept.Pipeline.TokenStream,Precept.Pipeline.SyntaxTree,Precept.Pipeline.SemanticIndex,Precept.Pipeline.StateGraph,Precept.Pipeline.ProofLedger,System.Collections.Immutable.ImmutableArray`1&lt;Precept.Language.Diagnostic&gt;,System.Boolean)" line-rate="0" branch-rate="1" complexity="1">
              <lines>
                <line number="6" hits="0" branch="False" />
                <line number="14" hits="0" branch="False" />
              </lines>
            </method>
          </methods>
          <lines>
            <line number="7" hits="0" branch="False" />
            <line number="8" hits="0" branch="False" />
            <line number="9" hits="0" branch="False" />
            <line number="10" hits="0" branch="False" />
            <line number="11" hits="0" branch="False" />
            <line number="12" hits="0" branch="False" />
            <line number="13" hits="0" branch="False" />
            <line number="6" hits="0" branch="False" />
            <line number="14" hits="0" branch="False" />
          </lines>
        </class>
        <class name="Precept.Pipeline.GraphAnalyzer" filename="Pipeline\GraphAnalyzer.cs" line-rate="0" branch-rate="1" complexity="1">
          <methods>
            <method name="Analyze" signature="(Precept.Pipeline.SemanticIndex)" line-rate="0" branch-rate="1" complexity="1">
              <lines>
                <line number="5" hits="0" branch="False" />
              </lines>
            </method>
          </methods>
          <lines>
            <line number="5" hits="0" branch="False" />
          </lines>
        </class>
        <class name="Precept.Pipeline.Lexer" filename="Pipeline\Lexer.cs" line-rate="1" branch-rate="1" complexity="16">
          <methods>
            <method name="Lex" signature="(System.String)" line-rate="1" branch-rate="1" complexity="2">
              <lines>
                <line number="15" hits="84" branch="False" />
                <line number="16" hits="84" branch="True" condition-coverage="100% (2/2)">
                  <conditions>
                    <condition number="16" type="jump" coverage="100%" />
                  </conditions>
                </line>
                <line number="17" hits="1" branch="False" />
                <line number="18" hits="1" branch="False" />
                <line number="19" hits="1" branch="False" />
                <line number="20" hits="1" branch="False" />
                <line number="21" hits="1" branch="False" />
                <line number="22" hits="1" branch="False" />
                <line number="25" hits="83" branch="False" />
                <line number="26" hits="83" branch="False" />
                <line number="27" hits="83" branch="False" />
                <line number="28" hits="84" branch="False" />
              </lines>
            </method>
            <method name="IsLetter" signature="(System.Char)" line-rate="1" branch-rate="1" complexity="1">
              <lines>
                <line number="31" hits="65887" branch="False" />
              </lines>
            </method>
            <method name="IsDigit" signature="(System.Char)" line-rate="1" branch-rate="1" complexity="1">
              <lines>
                <line number="34" hits="180" branch="False" />
              </lines>
            </method>
            <method name="IsWordChar" signature="(System.Char)" line-rate="1" branch-rate="1" complexity="4">
              <lines>
                <line number="37" hits="65719" branch="True" condition-coverage="100% (4/4)">
                  <conditions>
                    <condition number="6" type="jump" coverage="100%" />
                    <condition number="14" type="jump" coverage="100%" />
                  </conditions>
                </line>
              </lines>
            </method>
            <method name="DisplayChar" signature="(System.Char)" line-rate="1" branch-rate="1" complexity="8">
              <lines>
                <line number="46" hits="9" branch="True" condition-coverage="100% (8/8)">
                  <conditions>
                    <condition number="10" type="jump" coverage="100%" />
                    <condition number="22" type="jump" coverage="100%" />
                    <condition number="29" type="jump" coverage="100%" />
                    <condition number="42" type="jump" coverage="100%" />
                  </conditions>
                </line>
                <line number="47" hits="9" branch="False" />
                <line number="48" hits="9" branch="False" />
                <line number="49" hits="9" branch="False" />
                <line number="50" hits="9" branch="False" />
              </lines>
            </method>
          </methods>
          <lines>
            <line number="15" hits="84" branch="False" />
            <line number="16" hits="84" branch="True" condition-coverage="100% (2/2)">
              <conditions>
                <condition number="16" type="jump" coverage="100%" />
              </conditions>
            </line>
            <line number="17" hits="1" branch="False" />
            <line number="18" hits="1" branch="False" />
            <line number="19" hits="1" branch="False" />
            <line number="20" hits="1" branch="False" />
            <line number="21" hits="1" branch="False" />
            <line number="22" hits="1" branch="False" />
            <line number="25" hits="83" branch="False" />
            <line number="26" hits="83" branch="False" />
            <line number="27" hits="83" branch="False" />
            <line number="28" hits="84" branch="False" />
            <line number="31" hits="65887" branch="False" />
            <line number="34" hits="180" branch="False" />
            <line number="37" hits="65719" branch="True" condition-coverage="100% (4/4)">
              <conditions>
                <condition number="6" type="jump" coverage="100%" />
                <condition number="14" type="jump" coverage="100%" />
              </conditions>
            </line>
            <line number="46" hits="9" branch="True" condition-coverage="100% (8/8)">
              <conditions>
                <condition number="10" type="jump" coverage="100%" />
                <condition number="22" type="jump" coverage="100%" />
                <condition number="29" type="jump" coverage="100%" />
                <condition number="42" type="jump" coverage="100%" />
              </conditions>
            </line>
            <line number="47" hits="9" branch="False" />
            <line number="48" hits="9" branch="False" />
            <line number="49" hits="9" branch="False" />
            <line number="50" hits="9" branch="False" />
          </lines>
        </class>
        <class name="Precept.Pipeline.Lexer/Scanner" filename="Pipeline\Lexer.cs" line-rate="0.9978" branch-rate="0.9704999999999999" complexity="248">
          <methods>
            <method name="ResetContent" signature="()" line-rate="1" branch-rate="1" complexity="1">
              <lines>
                <line number="101" hits="65" branch="False" />
              </lines>
            </method>
            <method name="AppendContent" signature="(System.Char)" line-rate="1" branch-rate="1" complexity="2">
              <lines>
                <line number="104" hits="291" branch="False" />
                <line number="105" hits="291" branch="True" condition-coverage="100% (2/2)">
                  <conditions>
                    <condition number="19" type="jump" coverage="100%" />
                  </conditions>
                </line>
                <line number="106" hits="1" branch="False" />
                <line number="107" hits="291" branch="False" />
                <line number="108" hits="291" branch="False" />
              </lines>
            </method>
            <method name="ContentToString" signature="()" line-rate="1" branch-rate="1" complexity="1">
              <lines>
                <line number="111" hits="65" branch="False" />
              </lines>
            </method>
            <method name="get_IsAtEnd" signature="()" line-rate="1" branch-rate="1" complexity="1">
              <lines>
                <line number="113" hits="66627" branch="False" />
              </lines>
            </method>
            <method name="get_Current" signature="()" line-rate="1" branch-rate="1" complexity="1">
              <lines>
                <line number="115" hits="66562" branch="False" />
              </lines>
            </method>
            <method name="get_PeekNext" signature="()" line-rate="1" branch-rate="1" complexity="2">
              <lines>
                <line number="118" hits="108" branch="True" condition-coverage="100% (2/2)">
                  <conditions>
                    <condition number="19" type="jump" coverage="100%" />
                  </conditions>
                </line>
              </lines>
            </method>
            <method name="get_CurrentMode" signature="()" line-rate="1" branch-rate="1" complexity="1">
              <lines>
                <line number="120" hits="351" branch="False" />
              </lines>
            </method>
            <method name="PushMode" signature="(Precept.Pipeline.Lexer/LexerMode,System.Int32,System.Int32,System.Int32)" line-rate="1" branch-rate="1" complexity="1">
              <lines>
                <line number="123" hits="23" branch="False" />
                <line number="128" hits="23" branch="False" />
                <line number="129" hits="23" branch="False" />
                <line number="130" hits="23" branch="False" />
                <line number="131" hits="23" branch="False" />
                <line number="132" hits="23" branch="False" />
                <line number="133" hits="23" branch="False" />
                <line number="134" hits="23" branch="False" />
                <line number="135" hits="23" branch="False" />
                <line number="136" hits="23" branch="False" />
              </lines>
            </method>
            <method name="PopMode" signature="()" line-rate="1" branch-rate="1" complexity="2">
              <lines>
                <line number="139" hits="61" branch="False" />
                <line number="140" hits="61" branch="True" condition-coverage="100% (2/2)">
                  <conditions>
                    <condition number="12" type="jump" coverage="100%" />
                  </conditions>
                </line>
                <line number="141" hits="61" branch="False" />
                <line number="142" hits="61" branch="False" />
              </lines>
            </method>
            <method name="Advance" signature="()" line-rate="1" branch-rate="1" complexity="1">
              <lines>
                <line number="145" hits="66336" branch="False" />
                <line number="146" hits="66336" branch="False" />
                <line number="147" hits="66336" branch="False" />
                <line number="148" hits="66336" branch="False" />
              </lines>
            </method>
            <method name="ScanAll" signature="()" line-rate="1" branch-rate="1" complexity="6">
              <lines>
                <line number="151" hits="83" branch="False" />
                <line number="152" hits="402" branch="True" condition-coverage="100% (2/2)">
                  <conditions>
                    <condition number="64" type="jump" coverage="100%" />
                  </conditions>
                </line>
                <line number="153" hits="319" branch="False" />
                <line number="154" hits="319" branch="True" condition-coverage="100% (4/4)">
                  <conditions>
                    <condition number="15" type="jump" coverage="100%" />
                    <condition number="21" type="jump" coverage="100%" />
                  </conditions>
                </line>
                <line number="157" hits="35" branch="False" />
                <line number="158" hits="35" branch="False" />
                <line number="160" hits="30" branch="False" />
                <line number="161" hits="30" branch="False" />
                <line number="163" hits="254" branch="False" />
                <line number="164" hits="254" branch="False" />
                <line number="166" hits="319" branch="False" />
                <line number="167" hits="83" branch="False" />
              </lines>
            </method>
            <method name="Build" signature="()" line-rate="0.9411" branch-rate="0.8332999999999999" complexity="6">
              <lines>
                <line number="170" hits="83" branch="False" />
                <line number="173" hits="174" branch="True" condition-coverage="100% (2/2)">
                  <conditions>
                    <condition number="181" type="jump" coverage="100%" />
                  </conditions>
                </line>
                <line number="174" hits="4" branch="False" />
                <line number="175" hits="4" branch="False" />
                <line number="176" hits="4" branch="False" />
                <line number="177" hits="4" branch="True" condition-coverage="75% (3/4)">
                  <conditions>
                    <condition number="95" type="switch" coverage="75%" />
                  </conditions>
                </line>
                <line number="178" hits="4" branch="False" />
                <line number="179" hits="2" branch="False" />
                <line number="180" hits="1" branch="False" />
                <line number="181" hits="1" branch="False" />
                <line number="182" hits="0" branch="False" />
                <line number="183" hits="4" branch="False" />
                <line number="184" hits="4" branch="False" />
                <line number="185" hits="4" branch="False" />
                <line number="187" hits="83" branch="False" />
                <line number="188" hits="83" branch="False" />
                <line number="189" hits="83" branch="False" />
              </lines>
            </method>
            <method name="ScanToken" signature="()" line-rate="1" branch-rate="1" complexity="44">
              <lines>
                <line number="192" hits="254" branch="False" />
                <line number="193" hits="254" branch="False" />
                <line number="196" hits="254" branch="True" condition-coverage="100% (6/6)">
                  <conditions>
                    <condition number="11" type="jump" coverage="100%" />
                    <condition number="18" type="jump" coverage="100%" />
                    <condition number="31" type="jump" coverage="100%" />
                  </conditions>
                </line>
                <line number="197" hits="52" branch="False" />
                <line number="198" hits="52" branch="False" />
                <line number="199" hits="57" branch="True" condition-coverage="100% (8/8)">
                  <conditions>
                    <condition number="106" type="jump" coverage="100%" />
                    <condition number="65" type="jump" coverage="100%" />
                    <condition number="79" type="jump" coverage="100%" />
                    <condition number="87" type="jump" coverage="100%" />
                  </conditions>
                </line>
                <line number="200" hits="5" branch="False" />
                <line number="201" hits="52" branch="False" />
                <line number="209" hits="202" branch="True" condition-coverage="100% (6/6)">
                  <conditions>
                    <condition number="116" type="jump" coverage="100%" />
                    <condition number="121" type="jump" coverage="100%" />
                    <condition number="139" type="jump" coverage="100%" />
                  </conditions>
                </line>
                <line number="210" hits="14" branch="False" />
                <line number="211" hits="14" branch="False" />
                <line number="212" hits="14" branch="False" />
                <line number="213" hits="14" branch="False" />
                <line number="214" hits="14" branch="False" />
                <line number="215" hits="14" branch="False" />
                <line number="216" hits="14" branch="False" />
                <line number="218" hits="188" branch="True" condition-coverage="100% (2/2)">
                  <conditions>
                    <condition number="259" type="jump" coverage="100%" />
                  </conditions>
                </line>
                <line number="219" hits="9" branch="False" />
                <line number="220" hits="9" branch="False" />
                <line number="221" hits="9" branch="False" />
                <line number="223" hits="179" branch="True" condition-coverage="100% (2/2)">
                  <conditions>
                    <condition number="284" type="jump" coverage="100%" />
                  </conditions>
                </line>
                <line number="224" hits="2" branch="False" />
                <line number="225" hits="2" branch="True" condition-coverage="100% (2/2)">
                  <conditions>
                    <condition number="295" type="jump" coverage="100%" />
                  </conditions>
                </line>
                <line number="226" hits="2" branch="False" />
                <line number="227" hits="2" branch="False" />
                <line number="231" hits="177" branch="True" condition-coverage="100% (2/2)">
                  <conditions>
                    <condition number="326" type="jump" coverage="100%" />
                  </conditions>
                </line>
                <line number="232" hits="2" branch="False" />
                <line number="233" hits="2" branch="False" />
                <line number="234" hits="2" branch="False" />
                <line number="238" hits="175" branch="True" condition-coverage="100% (4/4)">
                  <conditions>
                    <condition number="344" type="jump" coverage="100%" />
                    <condition number="362" type="jump" coverage="100%" />
                  </conditions>
                </line>
                <line number="239" hits="7" branch="False" />
                <line number="241" hits="21" branch="False" />
                <line number="242" hits="7" branch="False" />
                <line number="243" hits="7" branch="False" />
                <line number="245" hits="7" branch="False" />
                <line number="246" hits="7" branch="False" />
                <line number="247" hits="7" branch="False" />
                <line number="248" hits="7" branch="False" />
                <line number="249" hits="7" branch="False" />
                <line number="253" hits="168" branch="True" condition-coverage="100% (2/2)">
                  <conditions>
                    <condition number="466" type="jump" coverage="100%" />
                  </conditions>
                </line>
                <line number="254" hits="50" branch="False" />
                <line number="255" hits="50" branch="False" />
                <line number="256" hits="50" branch="False" />
                <line number="260" hits="118" branch="True" condition-coverage="100% (2/2)">
                  <conditions>
                    <condition number="491" type="jump" coverage="100%" />
                  </conditions>
                </line>
                <line number="261" hits="9" branch="False" />
                <line number="262" hits="9" branch="False" />
                <line number="263" hits="9" branch="False" />
                <line number="267" hits="109" branch="True" condition-coverage="100% (2/2)">
                  <conditions>
                    <condition number="515" type="jump" coverage="100%" />
                  </conditions>
                </line>
                <line number="268" hits="23" branch="False" />
                <line number="269" hits="23" branch="False" />
                <line number="270" hits="23" branch="False" />
                <line number="274" hits="86" branch="True" condition-coverage="100% (2/2)">
                  <conditions>
                    <condition number="536" type="jump" coverage="100%" />
                  </conditions>
                </line>
                <line number="275" hits="19" branch="False" />
                <line number="276" hits="19" branch="False" />
                <line number="277" hits="19" branch="False" />
                <line number="281" hits="67" branch="True" condition-coverage="100% (2/2)">
                  <conditions>
                    <condition number="558" type="jump" coverage="100%" />
                  </conditions>
                </line>
                <line number="282" hits="50" branch="False" />
                <line number="285" hits="17" branch="True" condition-coverage="100% (2/2)">
                  <conditions>
                    <condition number="572" type="jump" coverage="100%" />
                  </conditions>
                </line>
                <line number="286" hits="13" branch="False" />
                <line number="289" hits="4" branch="False" />
                <line number="290" hits="4" branch="False" />
                <line number="291" hits="4" branch="False" />
                <line number="292" hits="4" branch="False" />
                <line number="293" hits="4" branch="False" />
                <line number="294" hits="254" branch="False" />
              </lines>
            </method>
            <method name="BeginString" signature="()" line-rate="1" branch-rate="1" complexity="1">
              <lines>
                <line number="299" hits="23" branch="False" />
                <line number="301" hits="69" branch="False" />
                <line number="302" hits="23" branch="False" />
                <line number="303" hits="23" branch="False" />
                <line number="304" hits="23" branch="False" />
                <line number="305" hits="23" branch="False" />
                <line number="306" hits="23" branch="False" />
                <line number="307" hits="23" branch="False" />
                <line number="308" hits="23" branch="False" />
                <line number="309" hits="23" branch="False" />
                <line number="310" hits="23" branch="False" />
              </lines>
            </method>
            <method name="BeginTypedConstant" signature="()" line-rate="1" branch-rate="1" complexity="1">
              <lines>
                <line number="313" hits="19" branch="False" />
                <line number="315" hits="57" branch="False" />
                <line number="316" hits="19" branch="False" />
                <line number="317" hits="19" branch="False" />
                <line number="318" hits="19" branch="False" />
                <line number="319" hits="19" branch="False" />
                <line number="320" hits="19" branch="False" />
                <line number="321" hits="19" branch="False" />
                <line number="322" hits="19" branch="False" />
                <line number="323" hits="19" branch="False" />
                <line number="324" hits="19" branch="False" />
              </lines>
            </method>
            <method name="ScanStringContent" signature="()" line-rate="1" branch-rate="1" complexity="48">
              <lines>
                <line number="332" hits="35" branch="False" />
                <line number="333" hits="35" branch="False" />
                <line number="334" hits="105" branch="False" />
                <line number="335" hits="35" branch="False" />
                <line number="336" hits="35" branch="False" />
                <line number="337" hits="35" branch="False" />
                <line number="339" hits="286" branch="True" condition-coverage="100% (2/2)">
                  <conditions>
                    <condition number="1086" type="jump" coverage="100%" />
                  </conditions>
                </line>
                <line number="340" hits="285" branch="False" />
                <line number="341" hits="285" branch="False" />
                <line number="344" hits="285" branch="True" condition-coverage="100% (4/4)">
                  <conditions>
                    <condition number="82" type="jump" coverage="100%" />
                    <condition number="97" type="jump" coverage="100%" />
                  </conditions>
                </line>
                <line number="345" hits="9" branch="False" />
                <line number="346" hits="9" branch="False" />
                <line number="347" hits="9" branch="False" />
                <line number="348" hits="9" branch="False" />
                <line number="349" hits="9" branch="False" />
                <line number="350" hits="9" branch="False" />
                <line number="351" hits="9" branch="False" />
                <line number="352" hits="9" branch="False" />
                <line number="356" hits="276" branch="True" condition-coverage="100% (2/2)">
                  <conditions>
                    <condition number="194" type="jump" coverage="100%" />
                  </conditions>
                </line>
                <line number="357" hits="11" branch="False" />
                <line number="358" hits="11" branch="False" />
                <line number="359" hits="11" branch="False" />
                <line number="360" hits="11" branch="False" />
                <line number="361" hits="11" branch="False" />
                <line number="362" hits="11" branch="False" />
                <line number="366" hits="265" branch="True" condition-coverage="100% (4/4)">
                  <conditions>
                    <condition number="241" type="jump" coverage="100%" />
                    <condition number="260" type="jump" coverage="100%" />
                  </conditions>
                </line>
                <line number="367" hits="1" branch="False" />
                <line number="368" hits="1" branch="False" />
                <line number="369" hits="2" branch="False" />
                <line number="370" hits="1" branch="False" />
                <line number="374" hits="264" branch="True" condition-coverage="100% (4/4)">
                  <conditions>
                    <condition number="295" type="jump" coverage="100%" />
                    <condition number="314" type="jump" coverage="100%" />
                  </conditions>
                </line>
                <line number="375" hits="1" branch="False" />
                <line number="376" hits="1" branch="False" />
                <line number="377" hits="2" branch="False" />
                <line number="378" hits="1" branch="False" />
                <line number="382" hits="263" branch="True" condition-coverage="100% (4/4)">
                  <conditions>
                    <condition number="349" type="jump" coverage="100%" />
                    <condition number="368" type="jump" coverage="100%" />
                  </conditions>
                </line>
                <line number="383" hits="1" branch="False" />
                <line number="384" hits="1" branch="False" />
                <line number="385" hits="2" branch="False" />
                <line number="386" hits="1" branch="False" />
                <line number="390" hits="262" branch="True" condition-coverage="100% (4/4)">
                  <conditions>
                    <condition number="403" type="jump" coverage="100%" />
                    <condition number="422" type="jump" coverage="100%" />
                  </conditions>
                </line>
                <line number="391" hits="1" branch="False" />
                <line number="392" hits="1" branch="False" />
                <line number="393" hits="2" branch="False" />
                <line number="394" hits="1" branch="False" />
                <line number="398" hits="261" branch="True" condition-coverage="100% (2/2)">
                  <conditions>
                    <condition number="463" type="jump" coverage="100%" />
                  </conditions>
                </line>
                <line number="399" hits="2" branch="False" />
                <line number="400" hits="2" branch="False" />
                <line number="401" hits="2" branch="False" />
                <line number="402" hits="2" branch="False" />
                <line number="403" hits="2" branch="False" />
                <line number="404" hits="2" branch="False" />
                <line number="405" hits="2" branch="True" condition-coverage="100% (6/6)">
[...]
            <line number="210" hits="9" branch="False" />
            <line number="211" hits="9" branch="False" />
            <line number="212" hits="9" branch="False" />
            <line number="213" hits="9" branch="False" />
            <line number="214" hits="9" branch="False" />
            <line number="215" hits="9" branch="False" />
            <line number="216" hits="9" branch="False" />
            <line number="217" hits="9" branch="False" />
            <line number="218" hits="9" branch="False" />
            <line number="219" hits="9" branch="False" />
            <line number="220" hits="9" branch="False" />
            <line number="221" hits="9" branch="False" />
            <line number="222" hits="9" branch="False" />
            <line number="223" hits="9" branch="False" />
            <line number="224" hits="290" branch="False" />
            <line number="225" hits="9" branch="False" />
            <line number="226" hits="9" branch="False" />
            <line number="227" hits="9" branch="False" />
            <line number="228" hits="9" branch="False" />
            <line number="229" hits="9" branch="False" />
            <line number="230" hits="9" branch="False" />
            <line number="231" hits="9" branch="False" />
            <line number="232" hits="9" branch="False" />
            <line number="233" hits="9" branch="False" />
            <line number="234" hits="9" branch="False" />
            <line number="235" hits="9" branch="False" />
            <line number="236" hits="9" branch="False" />
            <line number="237" hits="9" branch="False" />
            <line number="238" hits="9" branch="False" />
            <line number="239" hits="9" branch="False" />
            <line number="240" hits="9" branch="False" />
            <line number="241" hits="9" branch="False" />
            <line number="242" hits="9" branch="False" />
            <line number="243" hits="9" branch="False" />
            <line number="244" hits="9" branch="False" />
            <line number="245" hits="9" branch="False" />
            <line number="246" hits="9" branch="False" />
            <line number="247" hits="9" branch="False" />
            <line number="248" hits="9" branch="False" />
            <line number="249" hits="290" branch="False" />
            <line number="250" hits="10" branch="False" />
            <line number="251" hits="10" branch="False" />
            <line number="252" hits="10" branch="False" />
            <line number="253" hits="10" branch="False" />
            <line number="254" hits="10" branch="False" />
            <line number="255" hits="10" branch="False" />
            <line number="256" hits="10" branch="False" />
            <line number="257" hits="10" branch="False" />
            <line number="258" hits="10" branch="False" />
            <line number="259" hits="10" branch="False" />
            <line number="260" hits="290" branch="False" />
            <line number="261" hits="10" branch="False" />
            <line number="262" hits="10" branch="False" />
            <line number="263" hits="10" branch="False" />
            <line number="264" hits="10" branch="False" />
            <line number="265" hits="10" branch="False" />
            <line number="266" hits="10" branch="False" />
            <line number="267" hits="10" branch="False" />
            <line number="268" hits="10" branch="False" />
            <line number="269" hits="10" branch="False" />
            <line number="270" hits="10" branch="False" />
            <line number="271" hits="10" branch="False" />
            <line number="272" hits="10" branch="False" />
            <line number="273" hits="10" branch="False" />
            <line number="274" hits="10" branch="False" />
            <line number="275" hits="10" branch="False" />
            <line number="276" hits="10" branch="False" />
            <line number="277" hits="10" branch="False" />
            <line number="278" hits="10" branch="False" />
            <line number="279" hits="10" branch="False" />
            <line number="280" hits="290" branch="False" />
            <line number="281" hits="9" branch="False" />
            <line number="282" hits="9" branch="False" />
            <line number="283" hits="9" branch="False" />
            <line number="284" hits="9" branch="False" />
            <line number="285" hits="9" branch="False" />
            <line number="286" hits="9" branch="False" />
            <line number="287" hits="9" branch="False" />
            <line number="288" hits="9" branch="False" />
            <line number="289" hits="9" branch="False" />
            <line number="290" hits="9" branch="False" />
            <line number="291" hits="9" branch="False" />
            <line number="292" hits="9" branch="False" />
            <line number="293" hits="9" branch="False" />
            <line number="294" hits="9" branch="False" />
            <line number="295" hits="9" branch="False" />
            <line number="296" hits="9" branch="False" />
            <line number="297" hits="9" branch="False" />
            <line number="298" hits="290" branch="False" />
            <line number="299" hits="290" branch="False" />
            <line number="300" hits="11" branch="False" />
            <line number="301" hits="11" branch="False" />
            <line number="302" hits="11" branch="False" />
            <line number="303" hits="11" branch="False" />
            <line number="304" hits="11" branch="False" />
            <line number="305" hits="11" branch="False" />
            <line number="306" hits="11" branch="False" />
            <line number="307" hits="11" branch="False" />
            <line number="308" hits="11" branch="False" />
            <line number="309" hits="11" branch="False" />
            <line number="310" hits="11" branch="False" />
            <line number="311" hits="11" branch="False" />
            <line number="312" hits="11" branch="False" />
            <line number="313" hits="11" branch="False" />
            <line number="314" hits="11" branch="False" />
            <line number="315" hits="290" branch="False" />
            <line number="316" hits="10" branch="False" />
            <line number="317" hits="10" branch="False" />
            <line number="318" hits="10" branch="False" />
            <line number="319" hits="10" branch="False" />
            <line number="320" hits="10" branch="False" />
            <line number="321" hits="10" branch="False" />
            <line number="322" hits="10" branch="False" />
            <line number="323" hits="10" branch="False" />
            <line number="324" hits="10" branch="False" />
            <line number="325" hits="10" branch="False" />
            <line number="326" hits="290" branch="False" />
            <line number="327" hits="9" branch="False" />
            <line number="328" hits="9" branch="False" />
            <line number="329" hits="9" branch="False" />
            <line number="330" hits="9" branch="False" />
            <line number="331" hits="9" branch="False" />
            <line number="332" hits="9" branch="False" />
            <line number="333" hits="9" branch="False" />
            <line number="334" hits="9" branch="False" />
            <line number="335" hits="9" branch="False" />
            <line number="336" hits="9" branch="False" />
            <line number="337" hits="9" branch="False" />
            <line number="338" hits="9" branch="False" />
            <line number="339" hits="9" branch="False" />
            <line number="340" hits="9" branch="False" />
            <line number="341" hits="9" branch="False" />
            <line number="342" hits="9" branch="False" />
            <line number="343" hits="290" branch="False" />
            <line number="344" hits="10" branch="False" />
            <line number="345" hits="10" branch="False" />
            <line number="346" hits="10" branch="False" />
            <line number="347" hits="10" branch="False" />
            <line number="348" hits="10" branch="False" />
            <line number="349" hits="10" branch="False" />
            <line number="350" hits="10" branch="False" />
            <line number="351" hits="10" branch="False" />
            <line number="352" hits="10" branch="False" />
            <line number="353" hits="10" branch="False" />
            <line number="354" hits="10" branch="False" />
            <line number="355" hits="10" branch="False" />
            <line number="356" hits="10" branch="False" />
            <line number="357" hits="10" branch="False" />
            <line number="358" hits="290" branch="False" />
            <line number="359" hits="10" branch="False" />
            <line number="360" hits="10" branch="False" />
            <line number="361" hits="10" branch="False" />
            <line number="362" hits="10" branch="False" />
            <line number="363" hits="10" branch="False" />
            <line number="364" hits="10" branch="False" />
            <line number="365" hits="10" branch="False" />
            <line number="366" hits="10" branch="False" />
            <line number="367" hits="10" branch="False" />
            <line number="368" hits="10" branch="False" />
            <line number="369" hits="290" branch="False" />
            <line number="370" hits="9" branch="False" />
            <line number="371" hits="9" branch="False" />
            <line number="372" hits="9" branch="False" />
            <line number="373" hits="9" branch="False" />
            <line number="374" hits="9" branch="False" />
            <line number="375" hits="9" branch="False" />
            <line number="376" hits="9" branch="False" />
            <line number="377" hits="9" branch="False" />
            <line number="378" hits="9" branch="False" />
            <line number="379" hits="9" branch="False" />
            <line number="380" hits="9" branch="False" />
            <line number="381" hits="9" branch="False" />
            <line number="382" hits="9" branch="False" />
            <line number="383" hits="9" branch="False" />
            <line number="384" hits="9" branch="False" />
            <line number="385" hits="9" branch="False" />
            <line number="386" hits="9" branch="False" />
            <line number="387" hits="290" branch="False" />
            <line number="388" hits="10" branch="False" />
            <line number="389" hits="10" branch="False" />
            <line number="390" hits="10" branch="False" />
            <line number="391" hits="10" branch="False" />
            <line number="392" hits="10" branch="False" />
            <line number="393" hits="10" branch="False" />
            <line number="394" hits="10" branch="False" />
            <line number="395" hits="10" branch="False" />
            <line number="396" hits="10" branch="False" />
            <line number="397" hits="10" branch="False" />
            <line number="398" hits="10" branch="False" />
            <line number="399" hits="10" branch="False" />
            <line number="400" hits="10" branch="False" />
            <line number="401" hits="10" branch="False" />
            <line number="402" hits="10" branch="False" />
            <line number="403" hits="10" branch="False" />
            <line number="404" hits="290" branch="False" />
            <line number="405" hits="290" branch="False" />
            <line number="406" hits="16" branch="False" />
            <line number="407" hits="16" branch="False" />
            <line number="408" hits="16" branch="False" />
            <line number="409" hits="16" branch="False" />
            <line number="410" hits="16" branch="False" />
            <line number="411" hits="16" branch="False" />
            <line number="412" hits="16" branch="False" />
            <line number="413" hits="16" branch="False" />
            <line number="414" hits="16" branch="False" />
            <line number="415" hits="290" branch="False" />
            <line number="416" hits="15" branch="False" />
            <line number="417" hits="15" branch="False" />
            <line number="418" hits="15" branch="False" />
            <line number="419" hits="15" branch="False" />
            <line number="420" hits="15" branch="False" />
            <line number="421" hits="15" branch="False" />
            <line number="422" hits="15" branch="False" />
            <line number="423" hits="15" branch="False" />
            <line number="424" hits="15" branch="False" />
            <line number="425" hits="290" branch="False" />
            <line number="426" hits="15" branch="False" />
            <line number="427" hits="15" branch="False" />
            <line number="428" hits="15" branch="False" />
            <line number="429" hits="15" branch="False" />
            <line number="430" hits="15" branch="False" />
            <line number="431" hits="15" branch="False" />
            <line number="432" hits="15" branch="False" />
            <line number="433" hits="15" branch="False" />
            <line number="434" hits="15" branch="False" />
            <line number="435" hits="290" branch="False" />
            <line number="436" hits="290" branch="False" />
            <line number="437" hits="8" branch="False" />
            <line number="438" hits="8" branch="False" />
            <line number="439" hits="8" branch="False" />
            <line number="440" hits="8" branch="False" />
            <line number="441" hits="8" branch="False" />
            <line number="442" hits="8" branch="False" />
            <line number="443" hits="290" branch="False" />
            <line number="444" hits="8" branch="False" />
            <line number="445" hits="8" branch="False" />
            <line number="446" hits="8" branch="False" />
            <line number="447" hits="8" branch="False" />
            <line number="448" hits="8" branch="False" />
            <line number="449" hits="8" branch="False" />
            <line number="450" hits="290" branch="False" />
            <line number="451" hits="0" branch="False" />
            <line number="452" hits="290" branch="False" />
            <line number="458" hits="6" branch="False" />
            <line number="466" hits="31" branch="False" />
            <line number="469" hits="1" branch="False" />
            <line number="470" hits="1" branch="False" />
            <line number="471" hits="55" branch="True" condition-coverage="100% (2/2)">
              <conditions>
                <condition number="73" type="jump" coverage="100%" />
              </conditions>
            </line>
            <line number="472" hits="26" branch="False" />
            <line number="473" hits="26" branch="True" condition-coverage="100% (2/2)">
              <conditions>
                <condition number="45" type="jump" coverage="100%" />
              </conditions>
            </line>
            <line number="474" hits="24" branch="False" />
            <line number="475" hits="26" branch="False" />
            <line number="479" hits="1" branch="True" condition-coverage="100% (2/2)">
              <conditions>
                <condition number="102" type="jump" coverage="100%" />
              </conditions>
            </line>
            <line number="480" hits="1" branch="False" />
            <line number="482" hits="1" branch="False" />
            <line number="483" hits="1" branch="False" />
            <line number="9" hits="1" branch="False" />
            <line number="10" hits="1" branch="False" />
            <line number="11" hits="1" branch="False" />
            <line number="12" hits="1" branch="False" />
            <line number="13" hits="1" branch="False" />
            <line number="14" hits="1" branch="False" />
            <line number="15" hits="1" branch="False" />
            <line number="17" hits="1" branch="False" />
            <line number="18" hits="1" branch="False" />
            <line number="19" hits="1" branch="False" />
            <line number="20" hits="1" branch="False" />
            <line number="21" hits="1" branch="False" />
            <line number="22" hits="1" branch="False" />
            <line number="26" hits="1" branch="False" />
            <line number="28" hits="1" branch="False" />
            <line number="29" hits="1" branch="False" />
            <line number="30" hits="1" branch="False" />
            <line number="31" hits="1" branch="False" />
            <line number="32" hits="1" branch="False" />
            <line number="34" hits="1" branch="False" />
            <line number="35" hits="1" branch="False" />
            <line number="36" hits="1" branch="False" />
            <line number="37" hits="1" branch="False" />
            <line number="38" hits="1" branch="False" />
            <line number="40" hits="1" branch="False" />
            <line number="41" hits="1" branch="False" />
            <line number="42" hits="1" branch="False" />
            <line number="43" hits="1" branch="False" />
            <line number="44" hits="1" branch="False" />
            <line number="46" hits="1" branch="False" />
            <line number="47" hits="1" branch="False" />
            <line number="48" hits="1" branch="False" />
            <line number="49" hits="1" branch="False" />
            <line number="50" hits="1" branch="False" />
            <line number="54" hits="1" branch="False" />
            <line number="58" hits="1" branch="False" />
            <line number="59" hits="1" branch="False" />
            <line number="61" hits="1" branch="False" />
            <line number="62" hits="1" branch="False" />
            <line number="63" hits="1" branch="False" />
            <line number="64" hits="1" branch="False" />
            <line number="65" hits="1" branch="False" />
            <line number="66" hits="1" branch="False" />
            <line number="67" hits="1" branch="False" />
            <line number="68" hits="1" branch="False" />
            <line number="69" hits="1" branch="False" />
            <line number="70" hits="1" branch="False" />
            <line number="71" hits="1" branch="False" />
            <line number="72" hits="1" branch="False" />
            <line number="73" hits="1" branch="False" />
            <line number="74" hits="1" branch="False" />
            <line number="75" hits="1" branch="False" />
            <line number="76" hits="1" branch="False" />
            <line number="77" hits="1" branch="False" />
            <line number="78" hits="1" branch="False" />
            <line number="80" hits="1" branch="False" />
            <line number="81" hits="1" branch="False" />
            <line number="82" hits="1" branch="False" />
            <line number="83" hits="1" branch="False" />
            <line number="84" hits="1" branch="False" />
            <line number="85" hits="1" branch="False" />
            <line number="86" hits="1" branch="False" />
            <line number="87" hits="1" branch="False" />
            <line number="88" hits="1" branch="False" />
            <line number="89" hits="1" branch="False" />
            <line number="91" hits="1" branch="False" />
            <line number="92" hits="1" branch="False" />
            <line number="93" hits="1" branch="False" />
            <line number="94" hits="1" branch="False" />
            <line number="95" hits="1" branch="False" />
            <line number="96" hits="1" branch="False" />
            <line number="97" hits="1" branch="False" />
            <line number="98" hits="1" branch="False" />
            <line number="99" hits="1" branch="False" />
            <line number="100" hits="1" branch="False" />
            <line number="459" hits="1" branch="False" />
          </lines>
        </class>
      </classes>
    </package>
  </packages>
</coverage>